<?xml version="1.0" encoding="UTF-8"?>
<!-- Generated by org.testng.reporters.JUnitReportReporter -->
<testsuite hostname="Pugazh" failures="0" tests="1" name="com.framework.servicenow.tests.rest.TC001_CreateIncident" time="7.431" errors="0" timestamp="2023-12-09T13:15:27 GMT" skipped="0">
  <testcase classname="com.framework.servicenow.tests.rest.TC001_CreateIncident" name="createIncident" time="7.431"/>
  <system-out/>
</testsuite> <!-- com.framework.servicenow.tests.rest.TC001_CreateIncident -->
