<?xml version="1.0" encoding="UTF-8"?>
<!-- Generated by org.testng.reporters.JUnitReportReporter -->
<testsuite hostname="Pugazh" failures="0" tests="1" name="com.framework.servicenow.tests.rest.TC002_UpdateIncident" time="2.025" errors="0" timestamp="2023-12-09T13:15:27 GMT" skipped="0">
  <testcase classname="com.framework.servicenow.tests.rest.TC002_UpdateIncident" name="UpdateIncident" time="2.025"/>
  <system-out/>
</testsuite> <!-- com.framework.servicenow.tests.rest.TC002_UpdateIncident -->
