<?xml version="1.0" encoding="UTF-8"?>
<!-- Generated by org.testng.reporters.JUnitReportReporter -->
<testsuite hostname="Pugazh" failures="0" tests="1" name="com.framework.restfulbooker.tests.rest.TC001_CreateBooking" time="7.820" errors="0" timestamp="2023-12-15T21:02:21 GMT" skipped="0">
  <testcase classname="com.framework.restfulbooker.tests.rest.TC001_CreateBooking" name="createBooking" time="7.820"/>
  <system-out/>
</testsuite> <!-- com.framework.restfulbooker.tests.rest.TC001_CreateBooking -->
